<?xml version="1.0" encoding="UTF-8"?>
<!-- Generated by org.testng.reporters.JUnitReportReporter -->
<testsuite hostname="OsNew" failures="0" tests="1" name="seleniumJenkins.seleniumJenkins.OpenPageOnly" time="12.644" errors="0" timestamp="2025-04-21T11:51:14 EDT" skipped="0">
  <testcase classname="seleniumJenkins.seleniumJenkins.OpenPageOnly" name="openPage" time="12.644"/>
  <system-out/>
</testsuite> <!-- seleniumJenkins.seleniumJenkins.OpenPageOnly -->
