<?xml version="1.0" encoding="UTF-8"?>
<!-- Generated by org.testng.reporters.JUnitReportReporter -->
<testsuite hostname="OsNew" failures="0" tests="2" name="suite2.SauceDemoTests" time="1.793" errors="0" timestamp="2025-04-21T14:58:36 EDT" skipped="0">
  <testcase classname="suite2.SauceDemoTests" name="open" time="1.473"/>
  <system-out/>
  <testcase classname="suite2.SauceDemoTests" name="login" time="0.320"/>
  <system-out/>
</testsuite> <!-- suite2.SauceDemoTests -->
