<?xml version="1.0" encoding="UTF-8"?>
<!-- Generated by org.testng.reporters.JUnitReportReporter -->
<testsuite hostname="OsNew" failures="0" tests="2" name="suite1.OpenCartTests" time="2.724" errors="0" timestamp="2025-04-21T14:58:36 EDT" skipped="0">
  <testcase classname="suite1.OpenCartTests" name="launchSite" time="1.345"/>
  <system-out/>
  <testcase classname="suite1.OpenCartTests" name="searchForProduct" time="1.379"/>
  <system-out/>
</testsuite> <!-- suite1.OpenCartTests -->
