<?xml version="1.0" encoding="UTF-8"?>
<!-- Generated by org.testng.reporters.JUnitReportReporter -->
<testsuite hostname="OsNew" failures="0" tests="1" name="seleniumJenkins.seleniumJenkins.OpenPageOnlyTest" time="13.850" errors="0" timestamp="2025-04-21T12:21:37 EDT" skipped="0">
  <testcase classname="seleniumJenkins.seleniumJenkins.OpenPageOnlyTest" name="openPage" time="13.850"/>
  <system-out/>
</testsuite> <!-- seleniumJenkins.seleniumJenkins.OpenPageOnlyTest -->
